<?xml version="1.0" encoding="UTF-8"?>
<!-- Generated by org.testng.reporters.JUnitReportReporter -->
<testsuite hostname="WP2640" name="com.realdolmen.helloworld.AppTest" tests="1" failures="0" timestamp="3 Aug 2017 13:38:54 GMT" time="0,180" errors="0">
  <testcase name="testApp" time="0,180" classname="com.realdolmen.helloworld.AppTest"/>
</testsuite>
